Using pre-set license
Built from '2020.2/release' branch; Version is '2020.2.1f1 (270dd8c3da1c) revision 2559448'; Using compiler version '192528614'; Build Type 'Release'
OS: 'Windows 10  (10.0.0) 64bit' Language: 'en' Physical Memory: 12143 MB
BatchMode: 1, IsHumanControllingUs: 0, StartBugReporterOnCrash: 0, Is64bit: 1, IsPro: 0

 COMMAND LINE ARGUMENTS:
C:\Program Files\Unity\Hub\Editor\2020.2.1f1\Editor\Unity.exe
-adb2
-batchMode
-noUpm
-name
AssetImportWorker0
-projectPath
C:/Users/phamy/Desktop/Grave-Shift
-logFile
Logs/AssetImportWorker0.log
-srvPort
58222
Successfully changed project path to: C:/Users/phamy/Desktop/Grave-Shift
C:/Users/phamy/Desktop/Grave-Shift
Using Asset Import Pipeline V2.
Refreshing native plugins compatible for Editor in 57.11 ms, found 1 plugins.
Preloading 0 native plugins for Editor in 0.00 ms.
Initialize engine version: 2020.2.1f1 (270dd8c3da1c)
[Subsystems] Discovering subsystems at path C:/Program Files/Unity/Hub/Editor/2020.2.1f1/Editor/Data/Resources/UnitySubsystems
[Subsystems] Discovering subsystems at path C:/Users/phamy/Desktop/Grave-Shift/Assets
GfxDevice: creating device client; threaded=0
Direct3D:
    Version:  Direct3D 11.0 [level 11.1]
    Renderer: NVIDIA GeForce GTX 1050 (ID=0x1c8d)
    Vendor:   
    VRAM:     4021 MB
    Driver:   25.21.14.2546
Initialize mono
Mono path[0] = 'C:/Program Files/Unity/Hub/Editor/2020.2.1f1/Editor/Data/Managed'
Mono path[1] = 'C:/Program Files/Unity/Hub/Editor/2020.2.1f1/Editor/Data/MonoBleedingEdge/lib/mono/unityjit'
Mono config path = 'C:/Program Files/Unity/Hub/Editor/2020.2.1f1/Editor/Data/MonoBleedingEdge/etc'
Using monoOptions --debugger-agent=transport=dt_socket,embedding=1,server=y,suspend=n,address=127.0.0.1:56128
Begin MonoManager ReloadAssembly
Registering precompiled unity dll's ...
Register platform support module: C:/Program Files/Unity/Hub/Editor/2020.2.1f1/Editor/Data/PlaybackEngines/WindowsStandaloneSupport/UnityEditor.WindowsStandalone.Extensions.dll
Registered in 0.002596 seconds.
Native extension for WindowsStandalone target not found
Refreshing native plugins compatible for Editor in 28.58 ms, found 1 plugins.
Preloading 0 native plugins for Editor in 0.00 ms.
Invoked RoslynAnalysisRunner static constructor.
RoslynAnalysisRunner will not be running.
RoslynAnalysisRunner has terminated.
Mono: successfully reloaded assembly
- Completed reload, in  1.499 seconds
Platform modules already initialized, skipping
Registering precompiled user dll's ...
Registered in 0.009694 seconds.
Begin MonoManager ReloadAssembly
Native extension for WindowsStandalone target not found
Refreshing native plugins compatible for Editor in 0.41 ms, found 1 plugins.
Preloading 0 native plugins for Editor in 0.00 ms.
Invoked RoslynAnalysisRunner static constructor.
RoslynAnalysisRunner will not be running.
RoslynAnalysisRunner has terminated.
Mono: successfully reloaded assembly
- Completed reload, in  1.045 seconds
Platform modules already initialized, skipping
========================================================================
Worker process is ready to serve import requests
Launched and connected shader compiler UnityShaderCompiler.exe after 0.06 seconds
Refreshing native plugins compatible for Editor in 0.43 ms, found 1 plugins.
Preloading 0 native plugins for Editor in 0.00 ms.
Unloading 1245 Unused Serialized files (Serialized files now loaded: 0)
System memory in use before: 81.4 MB.
System memory in use after: 81.5 MB.

Unloading 25 unused Assets to reduce memory usage. Loaded Objects now: 1724.
Total: 1.947700 ms (FindLiveObjects: 0.151300 ms CreateObjectMapping: 0.036000 ms MarkObjects: 1.623000 ms  DeleteObjects: 0.136100 ms)

========================================================================
Received Import Request.
  path: Assets/models/LowpolyForestPack/TreesTexture
  artifactKey: Guid(71413c641633f7245a2f82be57d63e29) Importer(815301076,1909f56bfc062723c751e8b465ee728b)
Start importing Assets/models/LowpolyForestPack/TreesTexture using Guid(71413c641633f7245a2f82be57d63e29) Importer(815301076,1909f56bfc062723c751e8b465ee728b)  -> (artifact id: '16deecabd5f7bcb3bcc2825acce9b464') in 0.046441 seconds
  Import took 0.048808 seconds .

========================================================================
Received Import Request.
  Time since last request: 0.000460 seconds.
  path: Assets/models/LowpolyForestPack/Trees/DeadSpruce2.fbx
  artifactKey: Guid(833967021a34cdb49970c89a7b6c3719) Importer(815301076,1909f56bfc062723c751e8b465ee728b)
Start importing Assets/models/LowpolyForestPack/Trees/DeadSpruce2.fbx using Guid(833967021a34cdb49970c89a7b6c3719) Importer(815301076,1909f56bfc062723c751e8b465ee728b)  -> (artifact id: 'a56ae1d8e506eab8fe91d23d63ad3ac5') in 1.137288 seconds
  Import took 1.139830 seconds .

========================================================================
Received Import Request.
  Time since last request: 0.000405 seconds.
  path: Assets/models/LowpolyForestPack/Trees
  artifactKey: Guid(578e3b004b4cd6948b376edb9ff3bbb4) Importer(815301076,1909f56bfc062723c751e8b465ee728b)
Start importing Assets/models/LowpolyForestPack/Trees using Guid(578e3b004b4cd6948b376edb9ff3bbb4) Importer(815301076,1909f56bfc062723c751e8b465ee728b)  -> (artifact id: 'ebdf7f6d8dcb46131209b32de0fca0d2') in 0.004262 seconds
  Import took 0.007138 seconds .

========================================================================
Received Import Request.
  Time since last request: 0.000491 seconds.
  path: Assets/models/LowpolyForestPack/Trees/OakTree2.fbx
  artifactKey: Guid(05dd32f4a7f24984d97c2b411d92a74c) Importer(815301076,1909f56bfc062723c751e8b465ee728b)
Start importing Assets/models/LowpolyForestPack/Trees/OakTree2.fbx using Guid(05dd32f4a7f24984d97c2b411d92a74c) Importer(815301076,1909f56bfc062723c751e8b465ee728b)  -> (artifact id: '91474a912fe040d38a13a702712e247b') in 0.126534 seconds
  Import took 0.131867 seconds .

========================================================================
Received Import Request.
  Time since last request: 0.000966 seconds.
  path: Assets/models/LowpolyForestPack/Trees/OakTree3.fbx
  artifactKey: Guid(0de8cd640d03ecb43b63ca1a09c8ae07) Importer(815301076,1909f56bfc062723c751e8b465ee728b)
Start importing Assets/models/LowpolyForestPack/Trees/OakTree3.fbx using Guid(0de8cd640d03ecb43b63ca1a09c8ae07) Importer(815301076,1909f56bfc062723c751e8b465ee728b)  -> (artifact id: '2c4a7d780672a42695fbe6a584b96ecf') in 0.043145 seconds
  Import took 0.047397 seconds .

========================================================================
Received Import Request.
  Time since last request: 0.000361 seconds.
  path: Assets/models/LowpolyForestPack/Trees/SpruceTree1.fbx
  artifactKey: Guid(29093853a0e77b843993fb240479b3ef) Importer(815301076,1909f56bfc062723c751e8b465ee728b)
Start importing Assets/models/LowpolyForestPack/Trees/SpruceTree1.fbx using Guid(29093853a0e77b843993fb240479b3ef) Importer(815301076,1909f56bfc062723c751e8b465ee728b)  -> (artifact id: '6f9684f5adcbe945dc43e723680102b6') in 0.052165 seconds
  Import took 0.055073 seconds .

========================================================================
Received Import Request.
  Time since last request: 0.000431 seconds.
  path: Assets/models/LowpolyForestPack
  artifactKey: Guid(9e2744887772a7e43b1f99a430b5e3d6) Importer(815301076,1909f56bfc062723c751e8b465ee728b)
Start importing Assets/models/LowpolyForestPack using Guid(9e2744887772a7e43b1f99a430b5e3d6) Importer(815301076,1909f56bfc062723c751e8b465ee728b)  -> (artifact id: 'eef6b67c528f4205f1bfea1b3f947645') in 0.003633 seconds
  Import took 0.006020 seconds .

========================================================================
Received Import Request.
  Time since last request: 0.000506 seconds.
  path: Assets/models/LowpolyForestPack/Trees/DeadOak1.fbx
  artifactKey: Guid(6a18cc33b33e0b744beee00cef61de3f) Importer(815301076,1909f56bfc062723c751e8b465ee728b)
Start importing Assets/models/LowpolyForestPack/Trees/DeadOak1.fbx using Guid(6a18cc33b33e0b744beee00cef61de3f) Importer(815301076,1909f56bfc062723c751e8b465ee728b)  -> (artifact id: 'bfdb42d0cc2b372442011face9bc2ffe') in 0.018640 seconds
  Import took 0.090497 seconds .

========================================================================
Received Import Request.
  Time since last request: 0.000700 seconds.
  path: Assets/models/LowpolyForestPack/Trees/DeadOak2.fbx
  artifactKey: Guid(cfa5cbc60a1e02d459764930085343eb) Importer(815301076,1909f56bfc062723c751e8b465ee728b)
Start importing Assets/models/LowpolyForestPack/Trees/DeadOak2.fbx using Guid(cfa5cbc60a1e02d459764930085343eb) Importer(815301076,1909f56bfc062723c751e8b465ee728b)  -> (artifact id: 'a106e0299fa7934d84e7244ce1d4f4bd') in 0.043287 seconds
  Import took 0.047690 seconds .

========================================================================
Received Import Request.
  Time since last request: 0.000595 seconds.
  path: Assets/models/LowpolyForestPack/Trees/DeadOak3.fbx
  artifactKey: Guid(284f791e70e8ef946989bf662afd0f84) Importer(815301076,1909f56bfc062723c751e8b465ee728b)
Start importing Assets/models/LowpolyForestPack/Trees/DeadOak3.fbx using Guid(284f791e70e8ef946989bf662afd0f84) Importer(815301076,1909f56bfc062723c751e8b465ee728b)  -> (artifact id: '2c03a124a014022ab287d9338bd71c7d') in 0.032318 seconds
  Import took 0.035890 seconds .

========================================================================
Received Import Request.
  Time since last request: 0.000489 seconds.
  path: Assets/models/LowpolyForestPack/Trees/OakTree1.fbx
  artifactKey: Guid(340d1326c6865bd499dea4785039c4ca) Importer(815301076,1909f56bfc062723c751e8b465ee728b)
Start importing Assets/models/LowpolyForestPack/Trees/OakTree1.fbx using Guid(340d1326c6865bd499dea4785039c4ca) Importer(815301076,1909f56bfc062723c751e8b465ee728b)  -> (artifact id: 'e82dc8270b6f0605266b9ce6bd93450c') in 0.032297 seconds
  Import took 0.035043 seconds .

========================================================================
Received Import Request.
  Time since last request: 0.000389 seconds.
  path: Assets/models/LowpolyForestPack/Trees/DeadSpruce3.fbx
  artifactKey: Guid(737725d2ed8a5884f87a9337ec4ad3fc) Importer(815301076,1909f56bfc062723c751e8b465ee728b)
Start importing Assets/models/LowpolyForestPack/Trees/DeadSpruce3.fbx using Guid(737725d2ed8a5884f87a9337ec4ad3fc) Importer(815301076,1909f56bfc062723c751e8b465ee728b)  -> (artifact id: 'c857b4071d1f865d5fda6b972949a767') in 0.024785 seconds
  Import took 0.027571 seconds .

========================================================================
Received Import Request.
  Time since last request: 0.000416 seconds.
  path: Assets/models/LowpolyForestPack/Trees/SpruceTree2.fbx
  artifactKey: Guid(59d8305ce0ee86f4381842ff60ac11d3) Importer(815301076,1909f56bfc062723c751e8b465ee728b)
Start importing Assets/models/LowpolyForestPack/Trees/SpruceTree2.fbx using Guid(59d8305ce0ee86f4381842ff60ac11d3) Importer(815301076,1909f56bfc062723c751e8b465ee728b)  -> (artifact id: '224437f5a3e7bc4c8628ffd5b081e20d') in 0.027373 seconds
  Import took 0.070297 seconds .

========================================================================
Received Import Request.
  Time since last request: 0.000418 seconds.
  path: Assets/models/LowpolyForestPack/Trees/SpruceTree3.fbx
  artifactKey: Guid(f151db5f357e8214eab79359cd26e46c) Importer(815301076,1909f56bfc062723c751e8b465ee728b)
Start importing Assets/models/LowpolyForestPack/Trees/SpruceTree3.fbx using Guid(f151db5f357e8214eab79359cd26e46c) Importer(815301076,1909f56bfc062723c751e8b465ee728b)  -> (artifact id: 'a99f4177faaa42c9cc907f46fa0d41c2') in 0.050438 seconds
  Import took 0.054448 seconds .

========================================================================
Received Import Request.
  Time since last request: 0.000724 seconds.
  path: Assets/models/LowpolyForestPack/Trees/DeadSpruce1.fbx
  artifactKey: Guid(0d44b95021306984396f9e3fe674afa0) Importer(815301076,1909f56bfc062723c751e8b465ee728b)
Start importing Assets/models/LowpolyForestPack/Trees/DeadSpruce1.fbx using Guid(0d44b95021306984396f9e3fe674afa0) Importer(815301076,1909f56bfc062723c751e8b465ee728b)  -> (artifact id: '6b55b7663fffc2fd8864172dfbc118a0') in 0.030697 seconds
  Import took 0.034666 seconds .

========================================================================
Received Import Request.
  Time since last request: 316.354652 seconds.
  path: Assets/models/LowpolyForestPack/TreesTexture/DeadOakTreeTrunk.png
  artifactKey: Guid(9c764615b862d2541bc3afae841cb74e) Importer(815301076,1909f56bfc062723c751e8b465ee728b)
Start importing Assets/models/LowpolyForestPack/TreesTexture/DeadOakTreeTrunk.png using Guid(9c764615b862d2541bc3afae841cb74e) Importer(815301076,1909f56bfc062723c751e8b465ee728b)  -> (artifact id: '033d2803984a4bb31b9488adeaaf7b0f') in 0.026552 seconds
  Import took 0.255424 seconds .

========================================================================
Received Import Request.
  Time since last request: 0.001001 seconds.
  path: Assets/models/LowpolyForestPack/TreesTexture/SpruceTreeTrunk.png
  artifactKey: Guid(33c5dba674aa44746b3482a2be5414e3) Importer(815301076,1909f56bfc062723c751e8b465ee728b)
Start importing Assets/models/LowpolyForestPack/TreesTexture/SpruceTreeTrunk.png using Guid(33c5dba674aa44746b3482a2be5414e3) Importer(815301076,1909f56bfc062723c751e8b465ee728b)  -> (artifact id: 'db41c70c6cdef717283b6ef44b5283b6') in 0.031158 seconds
  Import took 0.039102 seconds .

========================================================================
Received Import Request.
  Time since last request: 0.000938 seconds.
  path: Assets/models/LowpolyForestPack/TreesTexture/OakTreeLeaf.png
  artifactKey: Guid(2ab9969c214327b4e90b70767e2cc8ec) Importer(815301076,1909f56bfc062723c751e8b465ee728b)
Start importing Assets/models/LowpolyForestPack/TreesTexture/OakTreeLeaf.png using Guid(2ab9969c214327b4e90b70767e2cc8ec) Importer(815301076,1909f56bfc062723c751e8b465ee728b)  -> (artifact id: '79d4f70e52267a7c1df602d8ad94fdba') in 0.015388 seconds
  Import took 0.019856 seconds .

========================================================================
Received Import Request.
  Time since last request: 0.000564 seconds.
  path: Assets/models/LowpolyForestPack/TreesTexture/SpruceTreeLeaf.png
  artifactKey: Guid(3e99d7c1384c31f49b4cfcee5aec785e) Importer(815301076,1909f56bfc062723c751e8b465ee728b)
Start importing Assets/models/LowpolyForestPack/TreesTexture/SpruceTreeLeaf.png using Guid(3e99d7c1384c31f49b4cfcee5aec785e) Importer(815301076,1909f56bfc062723c751e8b465ee728b)  -> (artifact id: '64b05df18ae109d5cf649de05f3e80ed') in 0.038787 seconds
  Import took 0.042487 seconds .

========================================================================
Received Import Request.
  Time since last request: 0.000488 seconds.
  path: Assets/models/LowpolyForestPack/TreesTexture/OakTreeTrunk.png
  artifactKey: Guid(acea5182bba776943ad825a611168723) Importer(815301076,1909f56bfc062723c751e8b465ee728b)
Start importing Assets/models/LowpolyForestPack/TreesTexture/OakTreeTrunk.png using Guid(acea5182bba776943ad825a611168723) Importer(815301076,1909f56bfc062723c751e8b465ee728b)  -> (artifact id: 'bac0e54dd84bb9a2a15ba81ced9ce69d') in 0.079640 seconds
  Import took 0.084637 seconds .

========================================================================
Received Import Request.
  Time since last request: 0.000963 seconds.
  path: Assets/models/LowpolyForestPack/TreesTexture/DeadSpruceTreeTrunk.png
  artifactKey: Guid(48033bad0bcad2a438acf8dd9883468b) Importer(815301076,1909f56bfc062723c751e8b465ee728b)
Start importing Assets/models/LowpolyForestPack/TreesTexture/DeadSpruceTreeTrunk.png using Guid(48033bad0bcad2a438acf8dd9883468b) Importer(815301076,1909f56bfc062723c751e8b465ee728b)  -> (artifact id: '45b67b3289c86a6b15d4ff0b83b3e145') in 0.072900 seconds
  Import took 0.076995 seconds .

========================================================================
Received Import Request.
  Time since last request: 124.331827 seconds.
  path: Assets/Ground textures pack
  artifactKey: Guid(8ef7322554d8e604782429cd7a7d0220) Importer(815301076,1909f56bfc062723c751e8b465ee728b)
Start importing Assets/Ground textures pack using Guid(8ef7322554d8e604782429cd7a7d0220) Importer(815301076,1909f56bfc062723c751e8b465ee728b)  -> (artifact id: '7a3cb023f6af0512049f550f4d08f32a') in 0.004675 seconds
  Import took 0.008018 seconds .

========================================================================
Received Import Request.
  Time since last request: 130.462646 seconds.
  path: Assets/models/LowpolyForestPack/TreesTexture/Materials
  artifactKey: Guid(5bf6d314aa552634a8141cb3cd12da47) Importer(815301076,1909f56bfc062723c751e8b465ee728b)
Start importing Assets/models/LowpolyForestPack/TreesTexture/Materials using Guid(5bf6d314aa552634a8141cb3cd12da47) Importer(815301076,1909f56bfc062723c751e8b465ee728b)  -> (artifact id: 'f943c5d4db2b0cbda1b2e5f6568abfc2') in 0.004851 seconds
  Import took 0.008834 seconds .

========================================================================
Received Import Request.
  Time since last request: 0.061592 seconds.
  path: Assets/models/LowpolyForestPack/TreesTexture/Materials/DeadOakTreeTrunk.mat
  artifactKey: Guid(ce0e56b9139fb7840924b1951044d0fd) Importer(815301076,1909f56bfc062723c751e8b465ee728b)
Start importing Assets/models/LowpolyForestPack/TreesTexture/Materials/DeadOakTreeTrunk.mat using Guid(ce0e56b9139fb7840924b1951044d0fd) Importer(815301076,1909f56bfc062723c751e8b465ee728b)  -> (artifact id: '75b1c9b6246d5a1a12bdbf56726c6032') in 0.122242 seconds
  Import took 0.124671 seconds .

========================================================================
Received Import Request.
  Time since last request: 0.000344 seconds.
  path: Assets/models/LowpolyForestPack/TreesTexture/Materials/OakTreeTrunk.mat
  artifactKey: Guid(7a688e2b4909b6e4390a33b492ee72a7) Importer(815301076,1909f56bfc062723c751e8b465ee728b)
Start importing Assets/models/LowpolyForestPack/TreesTexture/Materials/OakTreeTrunk.mat using Guid(7a688e2b4909b6e4390a33b492ee72a7) Importer(815301076,1909f56bfc062723c751e8b465ee728b)  -> (artifact id: '461a31c7408bedade150db6f4b096087') in 0.010701 seconds
  Import took 0.013406 seconds .

========================================================================
Received Import Request.
  Time since last request: 0.000397 seconds.
  path: Assets/models/LowpolyForestPack/TreesTexture/Materials/OakTreeLeaf.mat
  artifactKey: Guid(0af340c5709e48c4aa6463f3e51798dc) Importer(815301076,1909f56bfc062723c751e8b465ee728b)
Start importing Assets/models/LowpolyForestPack/TreesTexture/Materials/OakTreeLeaf.mat using Guid(0af340c5709e48c4aa6463f3e51798dc) Importer(815301076,1909f56bfc062723c751e8b465ee728b)  -> (artifact id: '66db3558833bdfc5ce048fea22b083af') in 0.015398 seconds
  Import took 0.018534 seconds .

========================================================================
Received Import Request.
  Time since last request: 35.656135 seconds.
  path: Assets/models/graves
  artifactKey: Guid(5b17c2f5c4d8f1848b5cd0de01f3f0b0) Importer(815301076,1909f56bfc062723c751e8b465ee728b)
Start importing Assets/models/graves using Guid(5b17c2f5c4d8f1848b5cd0de01f3f0b0) Importer(815301076,1909f56bfc062723c751e8b465ee728b)  -> (artifact id: '3926860b582832fe2c38698f679f1d14') in 0.004184 seconds
  Import took 0.007243 seconds .

========================================================================
Received Import Request.
  Time since last request: 9.416347 seconds.
  path: Assets/models/graves/Materials
  artifactKey: Guid(d10adf3e264979b43ad0ad1da535c12e) Importer(815301076,1909f56bfc062723c751e8b465ee728b)
Start importing Assets/models/graves/Materials using Guid(d10adf3e264979b43ad0ad1da535c12e) Importer(815301076,1909f56bfc062723c751e8b465ee728b)  -> (artifact id: '1c5242fb351fb9017fea7ca35a983dd5') in 0.003086 seconds
  Import took 0.006106 seconds .

========================================================================
Received Import Request.
  Time since last request: 0.059093 seconds.
  path: Assets/models/graves/Materials/Palette01.mat
  artifactKey: Guid(0343a774cc0f32c4db87407c5d3b0df2) Importer(815301076,1909f56bfc062723c751e8b465ee728b)
Start importing Assets/models/graves/Materials/Palette01.mat using Guid(0343a774cc0f32c4db87407c5d3b0df2) Importer(815301076,1909f56bfc062723c751e8b465ee728b)  -> (artifact id: '5b2c997d95be1759897cead45e850b75') in 0.083070 seconds
  Import took 0.086010 seconds .

========================================================================
Received Import Request.
  Time since last request: 695.800156 seconds.
  path: Assets/Tree.prefab
  artifactKey: Guid(eece1e4d807079344884f388965e8b94) Importer(815301076,1909f56bfc062723c751e8b465ee728b)
Start importing Assets/Tree.prefab using Guid(eece1e4d807079344884f388965e8b94) Importer(815301076,1909f56bfc062723c751e8b465ee728b)  -> (artifact id: '93d5556d2e503fe2791d29841914e462') in 0.211727 seconds
  Import took 0.215274 seconds .

========================================================================
Received Import Request.
  Time since last request: 314.641879 seconds.
  path: Assets/Materials
  artifactKey: Guid(d5a3a4b566d1ce44b950c176e12ba8b3) Importer(815301076,1909f56bfc062723c751e8b465ee728b)
Start importing Assets/Materials using Guid(d5a3a4b566d1ce44b950c176e12ba8b3) Importer(815301076,1909f56bfc062723c751e8b465ee728b)  -> (artifact id: '53c0ec4b4570a82347f15c5246294af1') in 0.003118 seconds
  Import took 0.006607 seconds .

========================================================================
Received Import Request.
  Time since last request: 0.074677 seconds.
  path: Assets/Materials/New Material 1.mat
  artifactKey: Guid(1fda758b7dc444a48b4bc30b9e3fcb15) Importer(815301076,1909f56bfc062723c751e8b465ee728b)
Start importing Assets/Materials/New Material 1.mat using Guid(1fda758b7dc444a48b4bc30b9e3fcb15) Importer(815301076,1909f56bfc062723c751e8b465ee728b)  -> (artifact id: '4a6e869744fd0ff8beecff08bb2ae3ff') in 0.112216 seconds
  Import took 0.114817 seconds .

========================================================================
Received Import Request.
  Time since last request: 0.000377 seconds.
  path: Assets/Materials/New Material.mat
  artifactKey: Guid(93d854e8349029b4bb7965788efe7c7b) Importer(815301076,1909f56bfc062723c751e8b465ee728b)
Start importing Assets/Materials/New Material.mat using Guid(93d854e8349029b4bb7965788efe7c7b) Importer(815301076,1909f56bfc062723c751e8b465ee728b)  -> (artifact id: '87e7dbf9e55369e2da0cf20f76f4fec4') in 0.031635 seconds
  Import took 0.034483 seconds .

========================================================================
Received Import Request.
  Time since last request: 0.000438 seconds.
  path: Assets/Materials/New Material 1.mat
  artifactKey: Guid(1fda758b7dc444a48b4bc30b9e3fcb15) Importer(815301076,1909f56bfc062723c751e8b465ee728b)
Start importing Assets/Materials/New Material 1.mat using Guid(1fda758b7dc444a48b4bc30b9e3fcb15) Importer(815301076,1909f56bfc062723c751e8b465ee728b)  -> (artifact id: '4a6e869744fd0ff8beecff08bb2ae3ff') in 0.011393 seconds
  Import took 0.014427 seconds .

========================================================================
Received Import Request.
  Time since last request: 0.000463 seconds.
  path: Assets/Materials/New Material 2.mat
  artifactKey: Guid(722720dd8b4b061449c6c298a87866de) Importer(815301076,1909f56bfc062723c751e8b465ee728b)
Start importing Assets/Materials/New Material 2.mat using Guid(722720dd8b4b061449c6c298a87866de) Importer(815301076,1909f56bfc062723c751e8b465ee728b)  -> (artifact id: 'e5953bb800c2093fb88bdd7298e2dcc9') in 0.018527 seconds
  Import took 0.021731 seconds .

========================================================================
Received Import Request.
  Time since last request: 2579.831961 seconds.
  path: Assets/models/LowpolyForestPack/Trees/DeadOak3.fbx
  artifactKey: Guid(284f791e70e8ef946989bf662afd0f84) Importer(815301076,1909f56bfc062723c751e8b465ee728b)
Start importing Assets/models/LowpolyForestPack/Trees/DeadOak3.fbx using Guid(284f791e70e8ef946989bf662afd0f84) Importer(815301076,1909f56bfc062723c751e8b465ee728b)  -> (artifact id: 'c4a9c0f2976fd0b11d87fca16c555fdd') in 0.096775 seconds
  Import took 0.100558 seconds .

========================================================================
Received Import Request.
  Time since last request: 0.009693 seconds.
  path: Assets/models/LowpolyForestPack/Trees/DeadOak3.fbx
  artifactKey: Guid(284f791e70e8ef946989bf662afd0f84) Importer(815301076,1909f56bfc062723c751e8b465ee728b)
Start importing Assets/models/LowpolyForestPack/Trees/DeadOak3.fbx using Guid(284f791e70e8ef946989bf662afd0f84) Importer(815301076,1909f56bfc062723c751e8b465ee728b)  -> (artifact id: 'c4a9c0f2976fd0b11d87fca16c555fdd') in 0.013208 seconds
  Import took 0.015748 seconds .

========================================================================
Received Import Request.
  Time since last request: 9.968250 seconds.
  path: Assets/models/LowpolyForestPack/Trees/DeadOak2.fbx
  artifactKey: Guid(cfa5cbc60a1e02d459764930085343eb) Importer(815301076,1909f56bfc062723c751e8b465ee728b)
Start importing Assets/models/LowpolyForestPack/Trees/DeadOak2.fbx using Guid(cfa5cbc60a1e02d459764930085343eb) Importer(815301076,1909f56bfc062723c751e8b465ee728b)  -> (artifact id: 'b9f21f2f61d8499800c3c5f72d06f4d7') in 0.018344 seconds
  Import took 0.021501 seconds .

========================================================================
Received Import Request.
  Time since last request: 8.261047 seconds.
  path: Assets/models/LowpolyForestPack/Trees/OakTree1.fbx
  artifactKey: Guid(340d1326c6865bd499dea4785039c4ca) Importer(815301076,1909f56bfc062723c751e8b465ee728b)
Start importing Assets/models/LowpolyForestPack/Trees/OakTree1.fbx using Guid(340d1326c6865bd499dea4785039c4ca) Importer(815301076,1909f56bfc062723c751e8b465ee728b)  -> (artifact id: 'a65ffd94a4f3ec3fd6fb39f3fc263d4a') in 0.018950 seconds
  Import took 0.022678 seconds .

========================================================================
Received Import Request.
  Time since last request: 30.202334 seconds.
  path: Assets/models/LowpolyForestPack/TreesTexture/DeadOakTreeTrunk 1.mat
  artifactKey: Guid(d303a85b34546324ab6afe1c7886ab0b) Importer(815301076,1909f56bfc062723c751e8b465ee728b)
Start importing Assets/models/LowpolyForestPack/TreesTexture/DeadOakTreeTrunk 1.mat using Guid(d303a85b34546324ab6afe1c7886ab0b) Importer(815301076,1909f56bfc062723c751e8b465ee728b)  -> (artifact id: 'd852ab89d01a6289550ccecfa996b8bc') in 0.012785 seconds
  Import took 0.016003 seconds .

========================================================================
Received Import Request.
  Time since last request: 0.000390 seconds.
  path: Assets/models/LowpolyForestPack/TreesTexture/OakTreeLeaf.mat
  artifactKey: Guid(c09a8a47947dade4ca246cc3bb64e675) Importer(815301076,1909f56bfc062723c751e8b465ee728b)
Start importing Assets/models/LowpolyForestPack/TreesTexture/OakTreeLeaf.mat using Guid(c09a8a47947dade4ca246cc3bb64e675) Importer(815301076,1909f56bfc062723c751e8b465ee728b)  -> (artifact id: '5fad0c6788adf37dd47fed54aaa7375b') in 0.009219 seconds
  Import took 0.011744 seconds .

========================================================================
Received Import Request.
  Time since last request: 0.000507 seconds.
  path: Assets/models/LowpolyForestPack/TreesTexture/OakTreeTrunk.mat
  artifactKey: Guid(c420d5dba5d7bdf4c896f889913321e8) Importer(815301076,1909f56bfc062723c751e8b465ee728b)
Start importing Assets/models/LowpolyForestPack/TreesTexture/OakTreeTrunk.mat using Guid(c420d5dba5d7bdf4c896f889913321e8) Importer(815301076,1909f56bfc062723c751e8b465ee728b)  -> (artifact id: '4e121019776f6a6e9b2e5474a8a642f7') in 0.016788 seconds
  Import took 0.106109 seconds .

========================================================================
Received Import Request.
  Time since last request: 0.000432 seconds.
  path: Assets/models/LowpolyForestPack/TreesTexture/DeadOakTreeTrunk.mat
  artifactKey: Guid(55b084393ab885549a12bdc470e2b08d) Importer(815301076,1909f56bfc062723c751e8b465ee728b)
Start importing Assets/models/LowpolyForestPack/TreesTexture/DeadOakTreeTrunk.mat using Guid(55b084393ab885549a12bdc470e2b08d) Importer(815301076,1909f56bfc062723c751e8b465ee728b)  -> (artifact id: 'f655b662dfd628b811ffd7d414dde2c3') in 0.048051 seconds
  Import took 0.085275 seconds .

========================================================================
Received Import Request.
  Time since last request: 8.064497 seconds.
  path: Assets/models/LowpolyForestPack/TreesTexture/Materials/DeadSpruceTreeTrunk.mat
  artifactKey: Guid(102b47d0e22c4d74095bd94b3d21cefa) Importer(815301076,1909f56bfc062723c751e8b465ee728b)
Start importing Assets/models/LowpolyForestPack/TreesTexture/Materials/DeadSpruceTreeTrunk.mat using Guid(102b47d0e22c4d74095bd94b3d21cefa) Importer(815301076,1909f56bfc062723c751e8b465ee728b)  -> (artifact id: 'b29261c49b3c9f7d2e1c482223b22da3') in 0.032394 seconds
  Import took 0.038463 seconds .

========================================================================
Received Import Request.
  Time since last request: 182.906689 seconds.
  path: Assets/models/LowpolyForestPack/Trees/OakTree1.fbx
  artifactKey: Guid(340d1326c6865bd499dea4785039c4ca) Importer(815301076,1909f56bfc062723c751e8b465ee728b)
Start importing Assets/models/LowpolyForestPack/Trees/OakTree1.fbx using Guid(340d1326c6865bd499dea4785039c4ca) Importer(815301076,1909f56bfc062723c751e8b465ee728b)  -> (artifact id: '91035a95f8b576bbd61848aad9558b14') in 0.030298 seconds
  Import took 0.034431 seconds .

========================================================================
Received Import Request.
  Time since last request: 3.666794 seconds.
  path: Assets/ForestPack/Trees/Materials/OakTreeLeaf.mat
  artifactKey: Guid(95409b3617aea4743b43f59c481a7daf) Importer(815301076,1909f56bfc062723c751e8b465ee728b)
Start importing Assets/ForestPack/Trees/Materials/OakTreeLeaf.mat using Guid(95409b3617aea4743b43f59c481a7daf) Importer(815301076,1909f56bfc062723c751e8b465ee728b)  -> (artifact id: '7dff0e66d7b05f248933ff461d5ebcde') in 0.172506 seconds
  Import took 0.177789 seconds .

========================================================================
Received Import Request.
  Time since last request: 0.000920 seconds.
  path: Assets/ForestPack/Trees/Materials/OakTreeTrunk.mat
  artifactKey: Guid(ae07deadf3b7df34abbc6fbf2037e966) Importer(815301076,1909f56bfc062723c751e8b465ee728b)
Start importing Assets/ForestPack/Trees/Materials/OakTreeTrunk.mat using Guid(ae07deadf3b7df34abbc6fbf2037e966) Importer(815301076,1909f56bfc062723c751e8b465ee728b)  -> (artifact id: '141ce6e36939f0fde9fc8a9bb34e5c89') in 0.086153 seconds
  Import took 0.093008 seconds .

========================================================================
Received Import Request.
  Time since last request: 0.000892 seconds.
  path: Assets/ForestPack/Trees/Materials/OakTreeLeaf.mat
  artifactKey: Guid(95409b3617aea4743b43f59c481a7daf) Importer(815301076,1909f56bfc062723c751e8b465ee728b)
Start importing Assets/ForestPack/Trees/Materials/OakTreeLeaf.mat using Guid(95409b3617aea4743b43f59c481a7daf) Importer(815301076,1909f56bfc062723c751e8b465ee728b)  -> (artifact id: '7dff0e66d7b05f248933ff461d5ebcde') in 0.014301 seconds
  Import took 0.018775 seconds .

========================================================================
Received Import Request.
  Time since last request: 0.000380 seconds.
  path: Assets/models/LowpolyForestPack/TreesTexture/OakTreeLeaf 1.mat
  artifactKey: Guid(0777a2fbb045ffa488f9e4c2d27f9598) Importer(815301076,1909f56bfc062723c751e8b465ee728b)
Start importing Assets/models/LowpolyForestPack/TreesTexture/OakTreeLeaf 1.mat using Guid(0777a2fbb045ffa488f9e4c2d27f9598) Importer(815301076,1909f56bfc062723c751e8b465ee728b)  -> (artifact id: '8b31ae967f9c956ae7e90902886ec8ec') in 0.009017 seconds
  Import took 0.011324 seconds .

========================================================================
Received Import Request.
  Time since last request: 0.000417 seconds.
  path: Assets/models/LowpolyForestPack/TreesTexture/OakTreeTrunk 1.mat
  artifactKey: Guid(f07319164f800a446b78535b9020df61) Importer(815301076,1909f56bfc062723c751e8b465ee728b)
Start importing Assets/models/LowpolyForestPack/TreesTexture/OakTreeTrunk 1.mat using Guid(f07319164f800a446b78535b9020df61) Importer(815301076,1909f56bfc062723c751e8b465ee728b)  -> (artifact id: '951674a4dcced2617f34e1a60e1be855') in 0.010026 seconds
  Import took 0.013499 seconds .

========================================================================
Received Import Request.
  Time since last request: 0.005788 seconds.
  path: Assets/models/LowpolyForestPack/TreesTexture/OakTreeLeaf 1.mat
  artifactKey: Guid(0777a2fbb045ffa488f9e4c2d27f9598) Importer(815301076,1909f56bfc062723c751e8b465ee728b)
Start importing Assets/models/LowpolyForestPack/TreesTexture/OakTreeLeaf 1.mat using Guid(0777a2fbb045ffa488f9e4c2d27f9598) Importer(815301076,1909f56bfc062723c751e8b465ee728b)  -> (artifact id: '8b31ae967f9c956ae7e90902886ec8ec') in 0.009112 seconds
  Import took 0.012125 seconds .

========================================================================
Received Import Request.
  Time since last request: 1.918483 seconds.
  path: Assets/models/LowpolyForestPack/Rocks/Rock_17.fbx
  artifactKey: Guid(bf898242d3cd08b48bb5451a80a25848) Importer(815301076,1909f56bfc062723c751e8b465ee728b)
Start importing Assets/models/LowpolyForestPack/Rocks/Rock_17.fbx using Guid(bf898242d3cd08b48bb5451a80a25848) Importer(815301076,1909f56bfc062723c751e8b465ee728b)  -> (artifact id: '73407ee21e7afe8eccc37f89ed4dbef5') in 0.021958 seconds
  Import took 0.025614 seconds .

========================================================================
Received Import Request.
  Time since last request: 0.000886 seconds.
  path: Assets/models/LowpolyForestPack/Rocks/Rock_17.fbx
  artifactKey: Guid(bf898242d3cd08b48bb5451a80a25848) Importer(815301076,1909f56bfc062723c751e8b465ee728b)
Start importing Assets/models/LowpolyForestPack/Rocks/Rock_17.fbx using Guid(bf898242d3cd08b48bb5451a80a25848) Importer(815301076,1909f56bfc062723c751e8b465ee728b)  -> (artifact id: '73407ee21e7afe8eccc37f89ed4dbef5') in 0.016085 seconds
  Import took 0.018892 seconds .

========================================================================
Received Import Request.
  Time since last request: 0.214114 seconds.
  path: Assets/models/LowpolyForestPack/Rocks/Rock6.fbx
  artifactKey: Guid(f7bc18b5b15194e4e90152979464d65d) Importer(815301076,1909f56bfc062723c751e8b465ee728b)
Start importing Assets/models/LowpolyForestPack/Rocks/Rock6.fbx using Guid(f7bc18b5b15194e4e90152979464d65d) Importer(815301076,1909f56bfc062723c751e8b465ee728b)  -> (artifact id: 'ab8e9626ac9c883d30d70af5c3e21d1d') in 0.049686 seconds
  Import took 0.058086 seconds .

========================================================================
Received Import Request.
  Time since last request: 0.000591 seconds.
  path: Assets/models/LowpolyForestPack/Rocks/Rock_19.fbx
  artifactKey: Guid(435a1e8a91d282942ae3dcdb0daf3988) Importer(815301076,1909f56bfc062723c751e8b465ee728b)
Start importing Assets/models/LowpolyForestPack/Rocks/Rock_19.fbx using Guid(435a1e8a91d282942ae3dcdb0daf3988) Importer(815301076,1909f56bfc062723c751e8b465ee728b)  -> (artifact id: '2beb630525b8822e59cf32fa9bb9b570') in 0.026743 seconds
  Import took 0.030053 seconds .

========================================================================
Received Import Request.
  Time since last request: 0.000367 seconds.
  path: Assets/models/LowpolyForestPack/Rocks/Rock_20.fbx
  artifactKey: Guid(13b2211be086eaf4f9abcbbd5f9032d7) Importer(815301076,1909f56bfc062723c751e8b465ee728b)
Start importing Assets/models/LowpolyForestPack/Rocks/Rock_20.fbx using Guid(13b2211be086eaf4f9abcbbd5f9032d7) Importer(815301076,1909f56bfc062723c751e8b465ee728b)  -> (artifact id: '1dc4db99bc9bb863fa43b73f4e402d87') in 0.030915 seconds
  Import took 0.034183 seconds .

========================================================================
Received Import Request.
  Time since last request: 0.000429 seconds.
  path: Assets/models/LowpolyForestPack/Rocks/Rock6.fbx
  artifactKey: Guid(f7bc18b5b15194e4e90152979464d65d) Importer(815301076,1909f56bfc062723c751e8b465ee728b)
Start importing Assets/models/LowpolyForestPack/Rocks/Rock6.fbx using Guid(f7bc18b5b15194e4e90152979464d65d) Importer(815301076,1909f56bfc062723c751e8b465ee728b)  -> (artifact id: 'ab8e9626ac9c883d30d70af5c3e21d1d') in 0.017533 seconds
  Import took 0.020406 seconds .

========================================================================
Received Import Request.
  Time since last request: 0.000383 seconds.
  path: Assets/ForestPack/Rocks/Materials/Rock.mat
  artifactKey: Guid(5017adad6bb6db44f921768caf7825ea) Importer(815301076,1909f56bfc062723c751e8b465ee728b)
Start importing Assets/ForestPack/Rocks/Materials/Rock.mat using Guid(5017adad6bb6db44f921768caf7825ea) Importer(815301076,1909f56bfc062723c751e8b465ee728b)  -> (artifact id: '97fd9871a58e6cef5135caf07839cd14') in 0.273973 seconds
  Import took 0.276349 seconds .

========================================================================
Received Import Request.
  Time since last request: 0.000355 seconds.
  path: Assets/models/LowpolyForestPack/Rocks/Rock_20.fbx
  artifactKey: Guid(13b2211be086eaf4f9abcbbd5f9032d7) Importer(815301076,1909f56bfc062723c751e8b465ee728b)
Start importing Assets/models/LowpolyForestPack/Rocks/Rock_20.fbx using Guid(13b2211be086eaf4f9abcbbd5f9032d7) Importer(815301076,1909f56bfc062723c751e8b465ee728b)  -> (artifact id: '1dc4db99bc9bb863fa43b73f4e402d87') in 0.015666 seconds
  Import took 0.017904 seconds .

========================================================================
Received Import Request.
  Time since last request: 0.000349 seconds.
  path: Assets/models/LowpolyForestPack/Rocks/Rock_18.fbx
  artifactKey: Guid(b3c88a05085a60f48bcd6fe6e8e20d75) Importer(815301076,1909f56bfc062723c751e8b465ee728b)
Start importing Assets/models/LowpolyForestPack/Rocks/Rock_18.fbx using Guid(b3c88a05085a60f48bcd6fe6e8e20d75) Importer(815301076,1909f56bfc062723c751e8b465ee728b)  -> (artifact id: '33130efceb99e44bd0e5a4818b2f9be7') in 0.025987 seconds
  Import took 0.029501 seconds .

========================================================================
Received Import Request.
  Time since last request: 0.000350 seconds.
  path: Assets/models/LowpolyForestPack/Rocks/Rock_25.fbx
  artifactKey: Guid(6929d44a67920f44e9a95930daf74b54) Importer(815301076,1909f56bfc062723c751e8b465ee728b)
Start importing Assets/models/LowpolyForestPack/Rocks/Rock_25.fbx using Guid(6929d44a67920f44e9a95930daf74b54) Importer(815301076,1909f56bfc062723c751e8b465ee728b)  -> (artifact id: 'b32fcdb663a800a9e62dddfcf09346b7') in 0.019173 seconds
  Import took 0.021941 seconds .

========================================================================
Received Import Request.
  Time since last request: 0.000500 seconds.
  path: Assets/models/LowpolyForestPack/Rocks/Rock_22.fbx
  artifactKey: Guid(6c0906aa191a2214f8b6fe7e8a13478f) Importer(815301076,1909f56bfc062723c751e8b465ee728b)
Start importing Assets/models/LowpolyForestPack/Rocks/Rock_22.fbx using Guid(6c0906aa191a2214f8b6fe7e8a13478f) Importer(815301076,1909f56bfc062723c751e8b465ee728b)  -> (artifact id: 'cdda1f5689902767515321cd008bcf44') in 0.022104 seconds
  Import took 0.025530 seconds .

========================================================================
Received Import Request.
  Time since last request: 0.000375 seconds.
  path: Assets/models/LowpolyForestPack/Rocks/Rock_24.fbx
  artifactKey: Guid(78a9ae397ae2d6849a8e4961f9cd6f1f) Importer(815301076,1909f56bfc062723c751e8b465ee728b)
Start importing Assets/models/LowpolyForestPack/Rocks/Rock_24.fbx using Guid(78a9ae397ae2d6849a8e4961f9cd6f1f) Importer(815301076,1909f56bfc062723c751e8b465ee728b)  -> (artifact id: '7d8f656062719251c1ef6fa1074f09f6') in 0.029560 seconds
  Import took 0.032235 seconds .

========================================================================
Received Import Request.
  Time since last request: 0.000712 seconds.
  path: Assets/models/LowpolyForestPack/Rocks/Rock5.fbx
  artifactKey: Guid(b52f1e27754595542b472d8826b20ad3) Importer(815301076,1909f56bfc062723c751e8b465ee728b)
Start importing Assets/models/LowpolyForestPack/Rocks/Rock5.fbx using Guid(b52f1e27754595542b472d8826b20ad3) Importer(815301076,1909f56bfc062723c751e8b465ee728b)  -> (artifact id: '12f9269d26bd5de59cea0efd135b9a84') in 0.018073 seconds
  Import took 0.021252 seconds .

========================================================================
Received Import Request.
  Time since last request: 0.000256 seconds.
  path: Assets/models/LowpolyForestPack/Rocks/Rock_23.fbx
  artifactKey: Guid(2530b04c361645643ab8949ba5dbe9f8) Importer(815301076,1909f56bfc062723c751e8b465ee728b)
Start importing Assets/models/LowpolyForestPack/Rocks/Rock_23.fbx using Guid(2530b04c361645643ab8949ba5dbe9f8) Importer(815301076,1909f56bfc062723c751e8b465ee728b)  -> (artifact id: 'c32594f6732424c070f6bd27b9441543') in 0.020479 seconds
  Import took 0.022899 seconds .

========================================================================
Received Import Request.
  Time since last request: 0.000303 seconds.
  path: Assets/models/LowpolyForestPack/Rocks/Rock_21.fbx
  artifactKey: Guid(e5ea526f03994fe4da626477dfc515ea) Importer(815301076,1909f56bfc062723c751e8b465ee728b)
Start importing Assets/models/LowpolyForestPack/Rocks/Rock_21.fbx using Guid(e5ea526f03994fe4da626477dfc515ea) Importer(815301076,1909f56bfc062723c751e8b465ee728b)  -> (artifact id: 'e102963162944f3aa887d956e5bd3d27') in 0.028837 seconds
  Import took 0.031403 seconds .

========================================================================
Received Import Request.
  Time since last request: 0.000272 seconds.
  path: Assets/models/LowpolyForestPack/Rocks/Rock_19.fbx
  artifactKey: Guid(435a1e8a91d282942ae3dcdb0daf3988) Importer(815301076,1909f56bfc062723c751e8b465ee728b)
Start importing Assets/models/LowpolyForestPack/Rocks/Rock_19.fbx using Guid(435a1e8a91d282942ae3dcdb0daf3988) Importer(815301076,1909f56bfc062723c751e8b465ee728b)  -> (artifact id: '2beb630525b8822e59cf32fa9bb9b570') in 0.016116 seconds
  Import took 0.018553 seconds .

========================================================================
Received Import Request.
  Time since last request: 0.000323 seconds.
  path: Assets/models/LowpolyForestPack/Rocks/Rock_14.fbx
  artifactKey: Guid(ac16d45b64f441046b33cc8f735d216a) Importer(815301076,1909f56bfc062723c751e8b465ee728b)
Start importing Assets/models/LowpolyForestPack/Rocks/Rock_14.fbx using Guid(ac16d45b64f441046b33cc8f735d216a) Importer(815301076,1909f56bfc062723c751e8b465ee728b)  -> (artifact id: '9d1b4a5d701d605e4f19b1a0356fa669') in 0.022629 seconds
  Import took 0.050135 seconds .

========================================================================
Received Import Request.
  Time since last request: 0.000337 seconds.
  path: Assets/models/LowpolyForestPack/Rocks/Rock_16.fbx
  artifactKey: Guid(685c46eed51b71640a0317cd656b5d90) Importer(815301076,1909f56bfc062723c751e8b465ee728b)
Start importing Assets/models/LowpolyForestPack/Rocks/Rock_16.fbx using Guid(685c46eed51b71640a0317cd656b5d90) Importer(815301076,1909f56bfc062723c751e8b465ee728b)  -> (artifact id: '21ca95ad5a782dc333eebf4c2609b04d') in 0.016592 seconds
  Import took 0.019495 seconds .

========================================================================
Received Import Request.
  Time since last request: 0.000504 seconds.
  path: Assets/models/LowpolyForestPack/Rocks/Rock_12.fbx
  artifactKey: Guid(faf59fccab1e3d04bab5ab1fa6d855da) Importer(815301076,1909f56bfc062723c751e8b465ee728b)
Start importing Assets/models/LowpolyForestPack/Rocks/Rock_12.fbx using Guid(faf59fccab1e3d04bab5ab1fa6d855da) Importer(815301076,1909f56bfc062723c751e8b465ee728b)  -> (artifact id: '94bdedd0f16415658a66d4a22bede6af') in 0.024454 seconds
  Import took 0.027083 seconds .

========================================================================
Received Import Request.
  Time since last request: 0.000344 seconds.
  path: Assets/Ground textures pack/Grass 03/Grass pattern 03.mat
  artifactKey: Guid(d86005a29439b7541ade84523818db1a) Importer(815301076,1909f56bfc062723c751e8b465ee728b)
Start importing Assets/Ground textures pack/Grass 03/Grass pattern 03.mat using Guid(d86005a29439b7541ade84523818db1a) Importer(815301076,1909f56bfc062723c751e8b465ee728b)  -> (artifact id: 'a4b26d60532eede8ad79adac1fb86155') in 0.477536 seconds
  Import took 0.479900 seconds .

========================================================================
Received Import Request.
  Time since last request: 0.000324 seconds.
  path: Assets/ForestPack/Trees/Materials/DeadSpruceTreeTrunk.mat
  artifactKey: Guid(ce25aaeca0bfd884099f008e63bf8447) Importer(815301076,1909f56bfc062723c751e8b465ee728b)
Start importing Assets/ForestPack/Trees/Materials/DeadSpruceTreeTrunk.mat using Guid(ce25aaeca0bfd884099f008e63bf8447) Importer(815301076,1909f56bfc062723c751e8b465ee728b)  -> (artifact id: '0fadd27f4a68579a9a3b4d9d243699a4') in 0.135625 seconds
  Import took 0.264526 seconds .

========================================================================
Received Import Request.
  Time since last request: 0.000364 seconds.
  path: Assets/ForestPack/Trees/Materials/DeadOakTreeTrunk.mat
  artifactKey: Guid(a7e94a2b20f1f5c44978490ec3cad29c) Importer(815301076,1909f56bfc062723c751e8b465ee728b)
Start importing Assets/ForestPack/Trees/Materials/DeadOakTreeTrunk.mat using Guid(a7e94a2b20f1f5c44978490ec3cad29c) Importer(815301076,1909f56bfc062723c751e8b465ee728b)  -> (artifact id: '74c808418ffb98c6f0f2d8419460301b') in 0.341284 seconds
  Import took 0.344631 seconds .

========================================================================
Received Import Request.
  Time since last request: 0.000401 seconds.
  path: Assets/Ground textures pack/Grass & dead leafs 01/Grass & dead leafs pattern 01.mat
  artifactKey: Guid(893960384de673345a82517892b28bc7) Importer(815301076,1909f56bfc062723c751e8b465ee728b)
Start importing Assets/Ground textures pack/Grass & dead leafs 01/Grass & dead leafs pattern 01.mat using Guid(893960384de673345a82517892b28bc7) Importer(815301076,1909f56bfc062723c751e8b465ee728b)  -> (artifact id: 'ff72ba6e45c634250b1e54272c763f81') in 0.413429 seconds
  Import took 0.416060 seconds .

========================================================================
Received Import Request.
  Time since last request: 0.000338 seconds.
  path: Assets/Ground textures pack/Grass 04/Grass pattern 04.mat
  artifactKey: Guid(059cceb0ba6e50741bfe6ec2c755d5f4) Importer(815301076,1909f56bfc062723c751e8b465ee728b)
Start importing Assets/Ground textures pack/Grass 04/Grass pattern 04.mat using Guid(059cceb0ba6e50741bfe6ec2c755d5f4) Importer(815301076,1909f56bfc062723c751e8b465ee728b)  -> (artifact id: '3edc343f49cf56386d956f63ca22103c') in 0.195044 seconds
  Import took 0.197373 seconds .

========================================================================
Received Import Request.
  Time since last request: 0.000324 seconds.
  path: Assets/Ground textures pack/Ground & moss/Ground & moss pattern.mat
  artifactKey: Guid(5558b5711d37782468eeee5c2880e7d8) Importer(815301076,1909f56bfc062723c751e8b465ee728b)
Start importing Assets/Ground textures pack/Ground & moss/Ground & moss pattern.mat using Guid(5558b5711d37782468eeee5c2880e7d8) Importer(815301076,1909f56bfc062723c751e8b465ee728b)  -> (artifact id: '40eb14bc83c8e42211171096161f451c') in 0.128719 seconds
  Import took 0.131695 seconds .

========================================================================
Received Import Request.
  Time since last request: 0.000572 seconds.
  path: Assets/TextMesh Pro/Fonts/LiberationSans.ttf
  artifactKey: Guid(e3265ab4bf004d28a9537516768c1c75) Importer(815301076,1909f56bfc062723c751e8b465ee728b)
Start importing Assets/TextMesh Pro/Fonts/LiberationSans.ttf using Guid(e3265ab4bf004d28a9537516768c1c75) Importer(815301076,1909f56bfc062723c751e8b465ee728b)  -> (artifact id: '7df66bbdc1ed35e2a292d06eaef7a922') in 0.141481 seconds
  Import took 0.144862 seconds .

========================================================================
Received Import Request.
  Time since last request: 0.000505 seconds.
  path: Assets/models/LowpolyForestPack/Rocks/Rock4.fbx
  artifactKey: Guid(5b064743ee4c96a44b2232aa29d1968f) Importer(815301076,1909f56bfc062723c751e8b465ee728b)
Start importing Assets/models/LowpolyForestPack/Rocks/Rock4.fbx using Guid(5b064743ee4c96a44b2232aa29d1968f) Importer(815301076,1909f56bfc062723c751e8b465ee728b)  -> (artifact id: 'c1c90204ae05bd41677122428e08c9cf') in 0.024809 seconds
  Import took 0.027631 seconds .

========================================================================
Received Import Request.
  Time since last request: 0.000398 seconds.
  path: Assets/models/LowpolyForestPack/Rocks/BigRock4.fbx
  artifactKey: Guid(ba92d317e3f6e3b48930c447c8007b04) Importer(815301076,1909f56bfc062723c751e8b465ee728b)
Start importing Assets/models/LowpolyForestPack/Rocks/BigRock4.fbx using Guid(ba92d317e3f6e3b48930c447c8007b04) Importer(815301076,1909f56bfc062723c751e8b465ee728b)  -> (artifact id: '4a0db84668bf023820f7bb6d64d79c47') in 0.155887 seconds
  Import took 0.159264 seconds .

========================================================================
Received Import Request.
  Time since last request: 0.000518 seconds.
  path: Assets/models/LowpolyForestPack/Rocks/BigRock5.fbx
  artifactKey: Guid(45bc22cd4792d4d4abe84af61540f8d7) Importer(815301076,1909f56bfc062723c751e8b465ee728b)
Start importing Assets/models/LowpolyForestPack/Rocks/BigRock5.fbx using Guid(45bc22cd4792d4d4abe84af61540f8d7) Importer(815301076,1909f56bfc062723c751e8b465ee728b)  -> (artifact id: '2d2b876c1a1393488219d03be852afc7') in 0.022744 seconds
  Import took 0.060273 seconds .

========================================================================
Received Import Request.
  Time since last request: 0.000337 seconds.
  path: Assets/models/LowpolyForestPack/Rocks/Rock1.fbx
  artifactKey: Guid(cf068a316a571124b96f6b92ef92048c) Importer(815301076,1909f56bfc062723c751e8b465ee728b)
Start importing Assets/models/LowpolyForestPack/Rocks/Rock1.fbx using Guid(cf068a316a571124b96f6b92ef92048c) Importer(815301076,1909f56bfc062723c751e8b465ee728b)  -> (artifact id: '9c5c305cf999f7fe35b04ae1f038b96f') in 0.018511 seconds
  Import took 0.021115 seconds .

========================================================================
Received Import Request.
  Time since last request: 0.000311 seconds.
  path: Assets/Day-Night Skyboxes/Materials/SkyMidnight.mat
  artifactKey: Guid(97637a2a763b7f24b8da4e139e4144ca) Importer(815301076,1909f56bfc062723c751e8b465ee728b)
Start importing Assets/Day-Night Skyboxes/Materials/SkyMidnight.mat using Guid(97637a2a763b7f24b8da4e139e4144ca) Importer(815301076,1909f56bfc062723c751e8b465ee728b)  -> (artifact id: '0cf474d8815a4e17b4c79e83503ab562') in 0.416515 seconds
  Import took 0.420021 seconds .

========================================================================
Received Import Request.
  Time since last request: 0.000394 seconds.
  path: Assets/models/LowpolyForestPack/Rocks/Rock_15.fbx
  artifactKey: Guid(8ccb1ce9407ddaa4ca73bb17702a6cac) Importer(815301076,1909f56bfc062723c751e8b465ee728b)
Start importing Assets/models/LowpolyForestPack/Rocks/Rock_15.fbx using Guid(8ccb1ce9407ddaa4ca73bb17702a6cac) Importer(815301076,1909f56bfc062723c751e8b465ee728b)  -> (artifact id: '47060b19113def010473c03e990f3e2a') in 0.018621 seconds
  Import took 0.021690 seconds .

========================================================================
Received Import Request.
  Time since last request: 0.000425 seconds.
  path: Assets/Day-Night Skyboxes/Materials/SkyMorning.mat
  artifactKey: Guid(9991b6265f7f87d43b7e3c676739f203) Importer(815301076,1909f56bfc062723c751e8b465ee728b)
Start importing Assets/Day-Night Skyboxes/Materials/SkyMorning.mat using Guid(9991b6265f7f87d43b7e3c676739f203) Importer(815301076,1909f56bfc062723c751e8b465ee728b)  -> (artifact id: 'f3856985c82fff83aea535f954c9f555') in 0.292865 seconds
  Import took 0.296569 seconds .

========================================================================
Received Import Request.
  Time since last request: 0.000481 seconds.
  path: Assets/models/LowpolyForestPack/Rocks/Rock7.fbx
  artifactKey: Guid(52368155bce9751479a1c49c3c9271c1) Importer(815301076,1909f56bfc062723c751e8b465ee728b)
Start importing Assets/models/LowpolyForestPack/Rocks/Rock7.fbx using Guid(52368155bce9751479a1c49c3c9271c1) Importer(815301076,1909f56bfc062723c751e8b465ee728b)  -> (artifact id: '2c08e56192da19708d34c70af80b48d4') in 0.026164 seconds
  Import took 0.029387 seconds .

========================================================================
Received Import Request.
  Time since last request: 0.000394 seconds.
  path: Assets/models/LowpolyForestPack/Rocks/Rock2.fbx
  artifactKey: Guid(0772ed6bea38e774bb082afd3c0ab29c) Importer(815301076,1909f56bfc062723c751e8b465ee728b)
Start importing Assets/models/LowpolyForestPack/Rocks/Rock2.fbx using Guid(0772ed6bea38e774bb082afd3c0ab29c) Importer(815301076,1909f56bfc062723c751e8b465ee728b)  -> (artifact id: '970c7e7d359b3020fefcf5f620a0d28a') in 0.029214 seconds
  Import took 0.031953 seconds .

========================================================================
Received Import Request.
  Time since last request: 0.000371 seconds.
  path: Assets/models/LowpolyForestPack/Rocks/BigRock1.fbx
  artifactKey: Guid(ba267142cca04214a99bfc8c9560afaf) Importer(815301076,1909f56bfc062723c751e8b465ee728b)
Start importing Assets/models/LowpolyForestPack/Rocks/BigRock1.fbx using Guid(ba267142cca04214a99bfc8c9560afaf) Importer(815301076,1909f56bfc062723c751e8b465ee728b)  -> (artifact id: '63d266fe50554be6d62475346e82cb32') in 0.017125 seconds
  Import took 0.019609 seconds .

========================================================================
Received Import Request.
  Time since last request: 0.000362 seconds.
  path: Assets/models/LowpolyForestPack/Rocks/Rock_11.fbx
  artifactKey: Guid(fa053e18295646547b39e1f44d53596a) Importer(815301076,1909f56bfc062723c751e8b465ee728b)
Start importing Assets/models/LowpolyForestPack/Rocks/Rock_11.fbx using Guid(fa053e18295646547b39e1f44d53596a) Importer(815301076,1909f56bfc062723c751e8b465ee728b)  -> (artifact id: 'e712c550e0bcdcb546ed87e87f277654') in 0.045102 seconds
  Import took 0.047448 seconds .

========================================================================
Received Import Request.
  Time since last request: 0.000360 seconds.
  path: Assets/models/LowpolyForestPack/Rocks/Rock_10.fbx
  artifactKey: Guid(edc66edec24144f458bb35bc69a4aab3) Importer(815301076,1909f56bfc062723c751e8b465ee728b)
Start importing Assets/models/LowpolyForestPack/Rocks/Rock_10.fbx using Guid(edc66edec24144f458bb35bc69a4aab3) Importer(815301076,1909f56bfc062723c751e8b465ee728b)  -> (artifact id: 'c96831a3ccfc8868e4b94f4243c8f149') in 0.024543 seconds
  Import took 0.028080 seconds .

========================================================================
Received Import Request.
  Time since last request: 0.000371 seconds.
  path: Assets/models/LowpolyForestPack/Rocks/Rock_13.fbx
  artifactKey: Guid(e42e7a266831fc442bbc8f41ef03cc41) Importer(815301076,1909f56bfc062723c751e8b465ee728b)
Start importing Assets/models/LowpolyForestPack/Rocks/Rock_13.fbx using Guid(e42e7a266831fc442bbc8f41ef03cc41) Importer(815301076,1909f56bfc062723c751e8b465ee728b)  -> (artifact id: 'b9cfdd49dbebff16e45dd6184bf5fddf') in 0.027962 seconds
  Import took 0.030314 seconds .

========================================================================
Received Import Request.
  Time since last request: 0.000358 seconds.
  path: Assets/Day-Night Skyboxes/Materials/SkyHaloSky.mat
  artifactKey: Guid(e523c896238589445ae28370258d26c6) Importer(815301076,1909f56bfc062723c751e8b465ee728b)
Start importing Assets/Day-Night Skyboxes/Materials/SkyHaloSky.mat using Guid(e523c896238589445ae28370258d26c6) Importer(815301076,1909f56bfc062723c751e8b465ee728b)  -> (artifact id: '740cb583efc03f8a1ea4655010c9bade') in 0.191321 seconds
  Import took 0.197240 seconds .

========================================================================
Received Import Request.
  Time since last request: 0.000625 seconds.
  path: Assets/Day-Night Skyboxes/Materials/SkyBrightMorning.mat
  artifactKey: Guid(0b846be1b116429409a7669cacf2a62e) Importer(815301076,1909f56bfc062723c751e8b465ee728b)
Start importing Assets/Day-Night Skyboxes/Materials/SkyBrightMorning.mat using Guid(0b846be1b116429409a7669cacf2a62e) Importer(815301076,1909f56bfc062723c751e8b465ee728b)  -> (artifact id: 'a76a705386cc97b1bda2d72790ad73e8') in 0.310996 seconds
  Import took 0.326648 seconds .

========================================================================
Received Import Request.
  Time since last request: 0.000336 seconds.
  path: Assets/Ground textures pack/Dry ground/Dry ground pattern.mat
  artifactKey: Guid(d805d830c4023774cb6259aca09f431e) Importer(815301076,1909f56bfc062723c751e8b465ee728b)
Start importing Assets/Ground textures pack/Dry ground/Dry ground pattern.mat using Guid(d805d830c4023774cb6259aca09f431e) Importer(815301076,1909f56bfc062723c751e8b465ee728b)  -> (artifact id: 'e25e93c78649201239c850effdbf0b8b') in 0.227973 seconds
  Import took 0.234241 seconds .

========================================================================
Received Import Request.
  Time since last request: 0.000897 seconds.
  path: Assets/Day-Night Skyboxes/Materials/SkyCloudy.mat
  artifactKey: Guid(d11d338e6a849d84f85a289f91b3fa00) Importer(815301076,1909f56bfc062723c751e8b465ee728b)
Start importing Assets/Day-Night Skyboxes/Materials/SkyCloudy.mat using Guid(d11d338e6a849d84f85a289f91b3fa00) Importer(815301076,1909f56bfc062723c751e8b465ee728b)  -> (artifact id: '37c11588e4258bd0b4c7b379e9dc370d') in 0.234206 seconds
  Import took 0.239882 seconds .

========================================================================
Received Import Request.
  Time since last request: 0.000674 seconds.
  path: Assets/Day-Night Skyboxes/Materials/SkyEarlyDusk.mat
  artifactKey: Guid(82b660520bdecce4daf45d270ec93fe4) Importer(815301076,1909f56bfc062723c751e8b465ee728b)
Start importing Assets/Day-Night Skyboxes/Materials/SkyEarlyDusk.mat using Guid(82b660520bdecce4daf45d270ec93fe4) Importer(815301076,1909f56bfc062723c751e8b465ee728b)  -> (artifact id: '33a8b885154b33d5ee96a680179ddadd') in 0.293720 seconds
  Import took 0.300086 seconds .

========================================================================
Received Import Request.
  Time since last request: 0.000887 seconds.
  path: Assets/Ground textures pack/Grass & dead leafs 02/Grass & dead leafs pattern 02.mat
  artifactKey: Guid(020b997e4fa23c74297e208cd649319c) Importer(815301076,1909f56bfc062723c751e8b465ee728b)
Start importing Assets/Ground textures pack/Grass & dead leafs 02/Grass & dead leafs pattern 02.mat using Guid(020b997e4fa23c74297e208cd649319c) Importer(815301076,1909f56bfc062723c751e8b465ee728b)  -> (artifact id: 'f0ce06d721a715d5c7d1afea6bfce3c6') in 0.311864 seconds
  Import took 0.317206 seconds .

========================================================================
Received Import Request.
  Time since last request: 0.000336 seconds.
  path: Assets/models/LowpolyForestPack/Rocks/Rock3.fbx
  artifactKey: Guid(d1e9ecc32fe78d343b754ae3ceb053fa) Importer(815301076,1909f56bfc062723c751e8b465ee728b)
Start importing Assets/models/LowpolyForestPack/Rocks/Rock3.fbx using Guid(d1e9ecc32fe78d343b754ae3ceb053fa) Importer(815301076,1909f56bfc062723c751e8b465ee728b)  -> (artifact id: '2734b2211093b71731ad04c022c65850') in 0.016972 seconds
  Import took 0.019382 seconds .

========================================================================
Received Import Request.
  Time since last request: 0.000369 seconds.
  path: Assets/Ground textures pack/Grass & rocks/Grass & rocks pattern.mat
  artifactKey: Guid(fedc75da63b32e249bccd7450cd29351) Importer(815301076,1909f56bfc062723c751e8b465ee728b)
Start importing Assets/Ground textures pack/Grass & rocks/Grass & rocks pattern.mat using Guid(fedc75da63b32e249bccd7450cd29351) Importer(815301076,1909f56bfc062723c751e8b465ee728b)  -> (artifact id: 'b6bf2706033ea5de1e9a305e4f38fdc4') in 0.166835 seconds
  Import took 0.171547 seconds .

========================================================================
Received Import Request.
  Time since last request: 0.000855 seconds.
  path: Assets/models/LowpolyForestPack/Rocks/Rock9.fbx
  artifactKey: Guid(2ec09eaf0b5ca664a9f6e70ef5bddfb1) Importer(815301076,1909f56bfc062723c751e8b465ee728b)
Start importing Assets/models/LowpolyForestPack/Rocks/Rock9.fbx using Guid(2ec09eaf0b5ca664a9f6e70ef5bddfb1) Importer(815301076,1909f56bfc062723c751e8b465ee728b)  -> (artifact id: '9524756646639e21f1c2ca6d078832a5') in 0.039585 seconds
  Import took 0.043789 seconds .

========================================================================
Received Import Request.
  Time since last request: 0.000391 seconds.
  path: Assets/Ground textures pack/Grass 01/Grass pattern 01.mat
  artifactKey: Guid(2c6f5ab601d22834883d3c7e18f8be41) Importer(815301076,1909f56bfc062723c751e8b465ee728b)
Start importing Assets/Ground textures pack/Grass 01/Grass pattern 01.mat using Guid(2c6f5ab601d22834883d3c7e18f8be41) Importer(815301076,1909f56bfc062723c751e8b465ee728b)  -> (artifact id: '70644cc8a64bdc2cb32c1f3a999c9491') in 0.370183 seconds
  Import took 0.375254 seconds .

========================================================================
Received Import Request.
  Time since last request: 0.000887 seconds.
  path: Assets/Ground textures pack/Grass 06/Grass pattern 06.mat
  artifactKey: Guid(9dccf2dcc78efe741b7931e3bb85beaf) Importer(815301076,1909f56bfc062723c751e8b465ee728b)
Start importing Assets/Ground textures pack/Grass 06/Grass pattern 06.mat using Guid(9dccf2dcc78efe741b7931e3bb85beaf) Importer(815301076,1909f56bfc062723c751e8b465ee728b)  -> (artifact id: '9bb88dcdb5474cb2884c93bdb1d696e3') in 0.402733 seconds
  Import took 0.409535 seconds .

========================================================================
Received Import Request.
  Time since last request: 0.000899 seconds.
  path: Assets/models/LowpolyForestPack/Rocks/Rock8.fbx
  artifactKey: Guid(0b3ec6b4d845f104cb9381563bef0ce8) Importer(815301076,1909f56bfc062723c751e8b465ee728b)
Start importing Assets/models/LowpolyForestPack/Rocks/Rock8.fbx using Guid(0b3ec6b4d845f104cb9381563bef0ce8) Importer(815301076,1909f56bfc062723c751e8b465ee728b)  -> (artifact id: '4b77f7fbf9103b882ae8c502f5764ea3') in 0.024920 seconds
  Import took 0.029287 seconds .

========================================================================
Received Import Request.
  Time since last request: 0.000410 seconds.
  path: Assets/Ground textures pack/Grass 02/Grass pattern 02.mat
  artifactKey: Guid(15654a743eccf384fb2312048db767f0) Importer(815301076,1909f56bfc062723c751e8b465ee728b)
Start importing Assets/Ground textures pack/Grass 02/Grass pattern 02.mat using Guid(15654a743eccf384fb2312048db767f0) Importer(815301076,1909f56bfc062723c751e8b465ee728b)  -> (artifact id: '84222e6f1fbf9b55fbd2dc8f2e4b2c02') in 0.346241 seconds
  Import took 0.421688 seconds .

========================================================================
Received Import Request.
  Time since last request: 0.000345 seconds.
  path: Assets/models/LowpolyForestPack/Rocks/BigRock3.fbx
  artifactKey: Guid(037cacffc82339e4f9c84d9cdb3bdddd) Importer(815301076,1909f56bfc062723c751e8b465ee728b)
Start importing Assets/models/LowpolyForestPack/Rocks/BigRock3.fbx using Guid(037cacffc82339e4f9c84d9cdb3bdddd) Importer(815301076,1909f56bfc062723c751e8b465ee728b)  -> (artifact id: 'f54f48827d66135288d62baec272fa2d') in 0.026312 seconds
  Import took 0.028840 seconds .

========================================================================
Received Import Request.
  Time since last request: 0.000433 seconds.
  path: Assets/models/LowpolyForestPack/Rocks/BigRock2.fbx
  artifactKey: Guid(dc691ea1c68f8964cbbd837bc36f17f2) Importer(815301076,1909f56bfc062723c751e8b465ee728b)
Start importing Assets/models/LowpolyForestPack/Rocks/BigRock2.fbx using Guid(dc691ea1c68f8964cbbd837bc36f17f2) Importer(815301076,1909f56bfc062723c751e8b465ee728b)  -> (artifact id: 'b424e36fae4e0d0ce8fa0db056295a96') in 0.128341 seconds
  Import took 0.133642 seconds .

========================================================================
Received Import Request.
  Time since last request: 2.485783 seconds.
  path: Assets/Day-Night Skyboxes/Materials/SkyAfterNoon.mat
  artifactKey: Guid(1cf32c17fea93ef4fb120e8e0cdfbef1) Importer(815301076,1909f56bfc062723c751e8b465ee728b)
Start importing Assets/Day-Night Skyboxes/Materials/SkyAfterNoon.mat using Guid(1cf32c17fea93ef4fb120e8e0cdfbef1) Importer(815301076,1909f56bfc062723c751e8b465ee728b)  -> (artifact id: '08afadb6ebcc9e6345094dce5f263695') in 0.696940 seconds
  Import took 0.699672 seconds .

========================================================================
Received Import Request.
  Time since last request: 0.227633 seconds.
  path: Assets/ForestPack/Trees/Materials/SpruceTreeLeaf.mat
  artifactKey: Guid(095b02c7a31fe104b8c4bb8f3c5678d3) Importer(815301076,1909f56bfc062723c751e8b465ee728b)
Start importing Assets/ForestPack/Trees/Materials/SpruceTreeLeaf.mat using Guid(095b02c7a31fe104b8c4bb8f3c5678d3) Importer(815301076,1909f56bfc062723c751e8b465ee728b)  -> (artifact id: 'a1a100fc0ebb68c5d5af94aed4651074') in 0.701934 seconds
  Import took 0.709603 seconds .

========================================================================
Received Import Request.
  Time since last request: 0.000921 seconds.
  path: Assets/ForestPack/Trees/Materials/SpruceTreeTrunk.mat
  artifactKey: Guid(7f0856d3018411f48b2b4ceb18757f14) Importer(815301076,1909f56bfc062723c751e8b465ee728b)
Start importing Assets/ForestPack/Trees/Materials/SpruceTreeTrunk.mat using Guid(7f0856d3018411f48b2b4ceb18757f14) Importer(815301076,1909f56bfc062723c751e8b465ee728b)  -> (artifact id: '8bc3a3652e062331206440dd908c59eb') in 0.186473 seconds
  Import took 0.230118 seconds .

========================================================================
Received Import Request.
  Time since last request: 65.767839 seconds.
  path: Assets/models/LowpolyForestPack/Trees/OakTree1.fbx
  artifactKey: Guid(340d1326c6865bd499dea4785039c4ca) Importer(815301076,1909f56bfc062723c751e8b465ee728b)
Start importing Assets/models/LowpolyForestPack/Trees/OakTree1.fbx using Guid(340d1326c6865bd499dea4785039c4ca) Importer(815301076,1909f56bfc062723c751e8b465ee728b)  -> (artifact id: 'c78b2380dd9416a02c3549b15de31f0e') in 0.023388 seconds
  Import took 0.030616 seconds .

========================================================================
Received Import Request.
  Time since last request: 27.752897 seconds.
  path: Assets/New Terrain.asset
  artifactKey: Guid(6f0efb25c8674054c8869ec6a5ad7892) Importer(815301076,1909f56bfc062723c751e8b465ee728b)
Start importing Assets/New Terrain.asset using Guid(6f0efb25c8674054c8869ec6a5ad7892) Importer(815301076,1909f56bfc062723c751e8b465ee728b)  -> (artifact id: 'c34ecdc3c0fdb9c10d73aa7a2ccf94db') in 0.030771 seconds
  Import took 0.033795 seconds .

========================================================================
Received Import Request.
  Time since last request: 3.665568 seconds.
  path: Assets/ForestPack
  artifactKey: Guid(e79b48247836fb7479e52f2a7c20218a) Importer(815301076,1909f56bfc062723c751e8b465ee728b)
Start importing Assets/ForestPack using Guid(e79b48247836fb7479e52f2a7c20218a) Importer(815301076,1909f56bfc062723c751e8b465ee728b)  -> (artifact id: '2b5f88fbb93f4d578c292146961cbd26') in 0.004541 seconds
  Import took 0.007868 seconds .

========================================================================
Received Import Request.
  Time since last request: 2.590686 seconds.
  path: Assets/ForestPack/TreesTexture
  artifactKey: Guid(982314985eb0d01439a6068ca95a5b28) Importer(815301076,1909f56bfc062723c751e8b465ee728b)
Start importing Assets/ForestPack/TreesTexture using Guid(982314985eb0d01439a6068ca95a5b28) Importer(815301076,1909f56bfc062723c751e8b465ee728b)  -> (artifact id: '3b1c2a02c4bb0c6eefa04599a451be54') in 0.003386 seconds
  Import took 0.006779 seconds .

========================================================================
Received Import Request.
  Time since last request: 0.352726 seconds.
  path: Assets/ForestPack/TreesTexture/DeadOakTreeTrunk.png
  artifactKey: Guid(712e55fa86ff4f545ab1a1cc50dabc7e) Importer(815301076,1909f56bfc062723c751e8b465ee728b)
Start importing Assets/ForestPack/TreesTexture/DeadOakTreeTrunk.png using Guid(712e55fa86ff4f545ab1a1cc50dabc7e) Importer(815301076,1909f56bfc062723c751e8b465ee728b)  -> (artifact id: 'a5c250c0a91fca337f4277b36e94aa6c') in 0.016614 seconds
  Import took 0.022255 seconds .

========================================================================
Received Import Request.
  Time since last request: 0.000569 seconds.
  path: Assets/ForestPack/TreesTexture/OakTreeTrunk.png
  artifactKey: Guid(3cf120167fc62404b96016f4fb975bcb) Importer(815301076,1909f56bfc062723c751e8b465ee728b)
Start importing Assets/ForestPack/TreesTexture/OakTreeTrunk.png using Guid(3cf120167fc62404b96016f4fb975bcb) Importer(815301076,1909f56bfc062723c751e8b465ee728b)  -> (artifact id: 'c2cee4c1717d1451c2240f2d29f4738d') in 0.012256 seconds
  Import took 0.016144 seconds .

========================================================================
Received Import Request.
  Time since last request: 0.000474 seconds.
  path: Assets/ForestPack/TreesTexture/OakTreeLeaf.png
  artifactKey: Guid(09b8be8d7a5efff4fac9a30deab020c7) Importer(815301076,1909f56bfc062723c751e8b465ee728b)
Start importing Assets/ForestPack/TreesTexture/OakTreeLeaf.png using Guid(09b8be8d7a5efff4fac9a30deab020c7) Importer(815301076,1909f56bfc062723c751e8b465ee728b)  -> (artifact id: '7cc2a7188f81653a99c6cf8a5542ed6a') in 0.009922 seconds
  Import took 0.013198 seconds .

========================================================================
Received Import Request.
  Time since last request: 0.000433 seconds.
  path: Assets/ForestPack/TreesTexture/SpruceTreeTrunk.png
  artifactKey: Guid(7ab01150564dc5e4391e1399a0a24c0b) Importer(815301076,1909f56bfc062723c751e8b465ee728b)
Start importing Assets/ForestPack/TreesTexture/SpruceTreeTrunk.png using Guid(7ab01150564dc5e4391e1399a0a24c0b) Importer(815301076,1909f56bfc062723c751e8b465ee728b)  -> (artifact id: '70488c3a96808ec74d24620f30e27d73') in 0.148084 seconds
  Import took 0.154117 seconds .

========================================================================
Received Import Request.
  Time since last request: 0.000943 seconds.
  path: Assets/ForestPack/TreesTexture/DeadSpruceTreeTrunk.png
  artifactKey: Guid(098c6c1f780f8624da862ac10dc6f3cb) Importer(815301076,1909f56bfc062723c751e8b465ee728b)
Start importing Assets/ForestPack/TreesTexture/DeadSpruceTreeTrunk.png using Guid(098c6c1f780f8624da862ac10dc6f3cb) Importer(815301076,1909f56bfc062723c751e8b465ee728b)  -> (artifact id: '4ca8eaadfd8f81dd119e2c4e8462deac') in 0.022872 seconds
  Import took 0.031116 seconds .

========================================================================
Received Import Request.
  Time since last request: 0.000951 seconds.
  path: Assets/ForestPack/TreesTexture/SpruceTreeLeaf.png
  artifactKey: Guid(99b14d29a8498ef428ab0589dc028722) Importer(815301076,1909f56bfc062723c751e8b465ee728b)
Start importing Assets/ForestPack/TreesTexture/SpruceTreeLeaf.png using Guid(99b14d29a8498ef428ab0589dc028722) Importer(815301076,1909f56bfc062723c751e8b465ee728b)  -> (artifact id: '02caf77f90bf257b5edbf45a7e3d0f17') in 0.016738 seconds
  Import took 0.023079 seconds .

========================================================================
Received Import Request.
  Time since last request: 2.204878 seconds.
  path: Assets/ForestPack/Trees
  artifactKey: Guid(335e54ef97a4ee24dad704510545983e) Importer(815301076,1909f56bfc062723c751e8b465ee728b)
Start importing Assets/ForestPack/Trees using Guid(335e54ef97a4ee24dad704510545983e) Importer(815301076,1909f56bfc062723c751e8b465ee728b)  -> (artifact id: 'db72cde5f5b50252110ab82631732280') in 0.003292 seconds
  Import took 0.006252 seconds .

========================================================================
Received Import Request.
  Time since last request: 0.050774 seconds.
  path: Assets/ForestPack/Trees/DeadOak1.fbx
  artifactKey: Guid(cfe4d127c4da3a042886b3b39a9d69dc) Importer(815301076,1909f56bfc062723c751e8b465ee728b)
Start importing Assets/ForestPack/Trees/DeadOak1.fbx using Guid(cfe4d127c4da3a042886b3b39a9d69dc) Importer(815301076,1909f56bfc062723c751e8b465ee728b)  -> (artifact id: '30e94823b6e5d813cafb6f4c7413cdf2') in 0.012009 seconds
  Import took 0.014275 seconds .

========================================================================
Received Import Request.
  Time since last request: 0.000331 seconds.
  path: Assets/ForestPack/Trees/DeadSpruce1.fbx
  artifactKey: Guid(1ea2a958b19f4ec49a156dcedcf3ca91) Importer(815301076,1909f56bfc062723c751e8b465ee728b)
Start importing Assets/ForestPack/Trees/DeadSpruce1.fbx using Guid(1ea2a958b19f4ec49a156dcedcf3ca91) Importer(815301076,1909f56bfc062723c751e8b465ee728b)  -> (artifact id: '0d45c041a46c0a58c9d9edf7503c6da6') in 0.012355 seconds
  Import took 0.030028 seconds .

========================================================================
Received Import Request.
  Time since last request: 0.000394 seconds.
  path: Assets/ForestPack/Trees/DeadOak3.fbx
  artifactKey: Guid(d3779d08c8890354f955d1dab50264fd) Importer(815301076,1909f56bfc062723c751e8b465ee728b)
Start importing Assets/ForestPack/Trees/DeadOak3.fbx using Guid(d3779d08c8890354f955d1dab50264fd) Importer(815301076,1909f56bfc062723c751e8b465ee728b)  -> (artifact id: '016601f33971c6d80154d89cc0d270e4') in 0.014984 seconds
  Import took 0.017485 seconds .

========================================================================
Received Import Request.
  Time since last request: 0.000296 seconds.
  path: Assets/ForestPack/Trees/SpruceTree1.fbx
  artifactKey: Guid(a7e4a302d5d9d554db47b2f20bad2971) Importer(815301076,1909f56bfc062723c751e8b465ee728b)
Start importing Assets/ForestPack/Trees/SpruceTree1.fbx using Guid(a7e4a302d5d9d554db47b2f20bad2971) Importer(815301076,1909f56bfc062723c751e8b465ee728b)  -> (artifact id: '2347171308cf686da25c4d1dd1e4bce4') in 0.014833 seconds
  Import took 0.017140 seconds .

========================================================================
Received Import Request.
  Time since last request: 0.000380 seconds.
  path: Assets/ForestPack/Trees/DeadOak2.fbx
  artifactKey: Guid(fd250531dc14fb2428f12f928aa871ab) Importer(815301076,1909f56bfc062723c751e8b465ee728b)
Start importing Assets/ForestPack/Trees/DeadOak2.fbx using Guid(fd250531dc14fb2428f12f928aa871ab) Importer(815301076,1909f56bfc062723c751e8b465ee728b)  -> (artifact id: 'e03398ce58fde58a01735071a7dc54af') in 0.020979 seconds
  Import took 0.023402 seconds .

========================================================================
Received Import Request.
  Time since last request: 0.000339 seconds.
  path: Assets/ForestPack/Trees/DeadSpruce2.fbx
  artifactKey: Guid(96f1046c614e862409b15071fae07d7e) Importer(815301076,1909f56bfc062723c751e8b465ee728b)
Start importing Assets/ForestPack/Trees/DeadSpruce2.fbx using Guid(96f1046c614e862409b15071fae07d7e) Importer(815301076,1909f56bfc062723c751e8b465ee728b)  -> (artifact id: '6120f5455910145856a6c8449ec38471') in 0.015402 seconds
  Import took 0.070071 seconds .

========================================================================
Received Import Request.
  Time since last request: 0.000443 seconds.
  path: Assets/ForestPack/Trees/SpruceTree2.fbx
  artifactKey: Guid(070becfa525379f4ca3442c5b1f0e2dd) Importer(815301076,1909f56bfc062723c751e8b465ee728b)
Start importing Assets/ForestPack/Trees/SpruceTree2.fbx using Guid(070becfa525379f4ca3442c5b1f0e2dd) Importer(815301076,1909f56bfc062723c751e8b465ee728b)  -> (artifact id: 'a0a8404d44c91b731cce1f472405ad28') in 0.016896 seconds
  Import took 0.019539 seconds .

========================================================================
Received Import Request.
  Time since last request: 0.000342 seconds.
  path: Assets/ForestPack/Trees/SpruceTree3.fbx
  artifactKey: Guid(88ad23b6007a4b047a91bdc9f494ec12) Importer(815301076,1909f56bfc062723c751e8b465ee728b)
Start importing Assets/ForestPack/Trees/SpruceTree3.fbx using Guid(88ad23b6007a4b047a91bdc9f494ec12) Importer(815301076,1909f56bfc062723c751e8b465ee728b)  -> (artifact id: '1c79087f614a57776942ef410db3e982') in 0.024300 seconds
  Import took 0.026639 seconds .

========================================================================
Received Import Request.
  Time since last request: 0.000331 seconds.
  path: Assets/ForestPack/Trees/OakTree3.fbx
  artifactKey: Guid(0e59a88e689220846a177c4af16b7e90) Importer(815301076,1909f56bfc062723c751e8b465ee728b)
Start importing Assets/ForestPack/Trees/OakTree3.fbx using Guid(0e59a88e689220846a177c4af16b7e90) Importer(815301076,1909f56bfc062723c751e8b465ee728b)  -> (artifact id: '0a95f11d71d6e4bcb5ed3fa4e0bb51eb') in 0.025175 seconds
  Import took 0.027726 seconds .

========================================================================
Received Import Request.
  Time since last request: 0.000354 seconds.
  path: Assets/ForestPack/Trees/OakTree1.fbx
  artifactKey: Guid(ae37e1dfd65ef63479489a1893d5fdb9) Importer(815301076,1909f56bfc062723c751e8b465ee728b)
Start importing Assets/ForestPack/Trees/OakTree1.fbx using Guid(ae37e1dfd65ef63479489a1893d5fdb9) Importer(815301076,1909f56bfc062723c751e8b465ee728b)  -> (artifact id: 'a643ff76ddb25ec6893d38f3b7bede08') in 0.026072 seconds
  Import took 0.028581 seconds .

========================================================================
Received Import Request.
  Time since last request: 0.000338 seconds.
  path: Assets/ForestPack/Trees/DeadSpruce3.fbx
  artifactKey: Guid(8271180997b6ca646a24d23cab555bcd) Importer(815301076,1909f56bfc062723c751e8b465ee728b)
Start importing Assets/ForestPack/Trees/DeadSpruce3.fbx using Guid(8271180997b6ca646a24d23cab555bcd) Importer(815301076,1909f56bfc062723c751e8b465ee728b)  -> (artifact id: '1bce4cc1863ad4fa11c089feaad40e23') in 0.015326 seconds
  Import took 0.017821 seconds .

========================================================================
Received Import Request.
  Time since last request: 0.000354 seconds.
  path: Assets/ForestPack/Trees/OakTree2.fbx
  artifactKey: Guid(5b4604c391d3329439e92e42be08fee4) Importer(815301076,1909f56bfc062723c751e8b465ee728b)
Start importing Assets/ForestPack/Trees/OakTree2.fbx using Guid(5b4604c391d3329439e92e42be08fee4) Importer(815301076,1909f56bfc062723c751e8b465ee728b)  -> (artifact id: '40e136be7d688a9228fe1a9ee509c1f9') in 0.015274 seconds
  Import took 0.018662 seconds .

========================================================================
Received Prepare
Registering precompiled user dll's ...
Registered in 0.012866 seconds.
Begin MonoManager ReloadAssembly
Native extension for WindowsStandalone target not found
Refreshing native plugins compatible for Editor in 0.46 ms, found 1 plugins.
Preloading 0 native plugins for Editor in 0.00 ms.
Invoked RoslynAnalysisRunner static constructor.
RoslynAnalysisRunner will not be running.
RoslynAnalysisRunner has terminated.
Mono: successfully reloaded assembly
- Completed reload, in  1.068 seconds
Platform modules already initialized, skipping
Refreshing native plugins compatible for Editor in 0.40 ms, found 1 plugins.
Preloading 0 native plugins for Editor in 0.00 ms.
Unloading 1199 Unused Serialized files (Serialized files now loaded: 0)
System memory in use before: 85.0 MB.
System memory in use after: 85.1 MB.

Unloading 20 unused Assets to reduce memory usage. Loaded Objects now: 1781.
Total: 1.752000 ms (FindLiveObjects: 0.148900 ms CreateObjectMapping: 0.037000 ms MarkObjects: 1.545500 ms  DeleteObjects: 0.019600 ms)

========================================================================
Received Prepare
Registering precompiled user dll's ...
Registered in 0.012629 seconds.
Begin MonoManager ReloadAssembly
Native extension for WindowsStandalone target not found
Refreshing native plugins compatible for Editor in 0.54 ms, found 1 plugins.
Preloading 0 native plugins for Editor in 0.00 ms.
Invoked RoslynAnalysisRunner static constructor.
RoslynAnalysisRunner will not be running.
RoslynAnalysisRunner has terminated.
Mono: successfully reloaded assembly
- Completed reload, in  1.144 seconds
Platform modules already initialized, skipping
Refreshing native plugins compatible for Editor in 0.62 ms, found 1 plugins.
Preloading 0 native plugins for Editor in 0.00 ms.
Unloading 1199 Unused Serialized files (Serialized files now loaded: 0)
System memory in use before: 85.0 MB.
System memory in use after: 85.1 MB.

Unloading 20 unused Assets to reduce memory usage. Loaded Objects now: 1783.
Total: 2.797400 ms (FindLiveObjects: 0.204900 ms CreateObjectMapping: 0.057000 ms MarkObjects: 2.490800 ms  DeleteObjects: 0.042100 ms)

========================================================================
Received Prepare
Registering precompiled user dll's ...
Registered in 0.012081 seconds.
Begin MonoManager ReloadAssembly
Native extension for WindowsStandalone target not found
Refreshing native plugins compatible for Editor in 0.45 ms, found 1 plugins.
Preloading 0 native plugins for Editor in 0.00 ms.
Invoked RoslynAnalysisRunner static constructor.
RoslynAnalysisRunner will not be running.
RoslynAnalysisRunner has terminated.
Mono: successfully reloaded assembly
- Completed reload, in  1.043 seconds
Platform modules already initialized, skipping
Refreshing native plugins compatible for Editor in 0.41 ms, found 1 plugins.
Preloading 0 native plugins for Editor in 0.00 ms.
Unloading 1199 Unused Serialized files (Serialized files now loaded: 0)
System memory in use before: 85.1 MB.
System memory in use after: 85.2 MB.

Unloading 20 unused Assets to reduce memory usage. Loaded Objects now: 1785.
Total: 1.674800 ms (FindLiveObjects: 0.127400 ms CreateObjectMapping: 0.033500 ms MarkObjects: 1.496400 ms  DeleteObjects: 0.016700 ms)

========================================================================
Received Prepare
Registering precompiled user dll's ...
Registered in 0.010132 seconds.
Begin MonoManager ReloadAssembly
Native extension for WindowsStandalone target not found
Refreshing native plugins compatible for Editor in 0.35 ms, found 1 plugins.
Preloading 0 native plugins for Editor in 0.00 ms.
Invoked RoslynAnalysisRunner static constructor.
RoslynAnalysisRunner will not be running.
RoslynAnalysisRunner has terminated.
Mono: successfully reloaded assembly
- Completed reload, in  0.846 seconds
Platform modules already initialized, skipping
Refreshing native plugins compatible for Editor in 0.42 ms, found 1 plugins.
Preloading 0 native plugins for Editor in 0.00 ms.
Unloading 1199 Unused Serialized files (Serialized files now loaded: 0)
System memory in use before: 85.1 MB.
System memory in use after: 85.2 MB.

Unloading 20 unused Assets to reduce memory usage. Loaded Objects now: 1787.
Total: 3.683300 ms (FindLiveObjects: 0.289000 ms CreateObjectMapping: 0.092600 ms MarkObjects: 3.234600 ms  DeleteObjects: 0.064500 ms)

========================================================================
Received Prepare
Registering precompiled user dll's ...
Registered in 0.009316 seconds.
Begin MonoManager ReloadAssembly
Native extension for WindowsStandalone target not found
Refreshing native plugins compatible for Editor in 0.46 ms, found 1 plugins.
Preloading 0 native plugins for Editor in 0.00 ms.
Invoked RoslynAnalysisRunner static constructor.
RoslynAnalysisRunner will not be running.
RoslynAnalysisRunner has terminated.
Mono: successfully reloaded assembly
- Completed reload, in  1.042 seconds
Platform modules already initialized, skipping
Refreshing native plugins compatible for Editor in 0.40 ms, found 1 plugins.
Preloading 0 native plugins for Editor in 0.00 ms.
Unloading 1199 Unused Serialized files (Serialized files now loaded: 0)
System memory in use before: 85.1 MB.
System memory in use after: 85.2 MB.

Unloading 20 unused Assets to reduce memory usage. Loaded Objects now: 1789.
Total: 1.838200 ms (FindLiveObjects: 0.144600 ms CreateObjectMapping: 0.037700 ms MarkObjects: 1.639000 ms  DeleteObjects: 0.016100 ms)

========================================================================
Received Prepare
Registering precompiled user dll's ...
Registered in 0.014569 seconds.
Begin MonoManager ReloadAssembly
Native extension for WindowsStandalone target not found
Refreshing native plugins compatible for Editor in 0.38 ms, found 1 plugins.
Preloading 0 native plugins for Editor in 0.00 ms.
Invoked RoslynAnalysisRunner static constructor.
RoslynAnalysisRunner will not be running.
RoslynAnalysisRunner has terminated.
Mono: successfully reloaded assembly
- Completed reload, in  0.910 seconds
Platform modules already initialized, skipping
Refreshing native plugins compatible for Editor in 0.37 ms, found 1 plugins.
Preloading 0 native plugins for Editor in 0.00 ms.
Unloading 1199 Unused Serialized files (Serialized files now loaded: 0)
System memory in use before: 85.1 MB.
System memory in use after: 85.2 MB.

Unloading 20 unused Assets to reduce memory usage. Loaded Objects now: 1791.
Total: 1.760200 ms (FindLiveObjects: 0.163500 ms CreateObjectMapping: 0.040400 ms MarkObjects: 1.537600 ms  DeleteObjects: 0.017700 ms)

========================================================================
Received Prepare
Registering precompiled user dll's ...
Registered in 0.011247 seconds.
Begin MonoManager ReloadAssembly
Native extension for WindowsStandalone target not found
Refreshing native plugins compatible for Editor in 0.39 ms, found 1 plugins.
Preloading 0 native plugins for Editor in 0.00 ms.
Invoked RoslynAnalysisRunner static constructor.
RoslynAnalysisRunner will not be running.
RoslynAnalysisRunner has terminated.
Mono: successfully reloaded assembly
- Completed reload, in  1.152 seconds
Platform modules already initialized, skipping
Refreshing native plugins compatible for Editor in 0.45 ms, found 1 plugins.
Preloading 0 native plugins for Editor in 0.00 ms.
Unloading 1199 Unused Serialized files (Serialized files now loaded: 0)
System memory in use before: 85.1 MB.
System memory in use after: 85.2 MB.

Unloading 20 unused Assets to reduce memory usage. Loaded Objects now: 1793.
Total: 2.050600 ms (FindLiveObjects: 0.172700 ms CreateObjectMapping: 0.065600 ms MarkObjects: 1.787400 ms  DeleteObjects: 0.023900 ms)

========================================================================
Received Import Request.
  Time since last request: 1732.970745 seconds.
  path: Assets/models/ForestPack/Trees/OakTree3.prefab
  artifactKey: Guid(a318d0d4b5c0bc045a4c9bd0df281bdf) Importer(815301076,1909f56bfc062723c751e8b465ee728b)
Start importing Assets/models/ForestPack/Trees/OakTree3.prefab using Guid(a318d0d4b5c0bc045a4c9bd0df281bdf) Importer(815301076,1909f56bfc062723c751e8b465ee728b)  -> (artifact id: '5ebc7bbeb809ca3764ea5d6e0a1c81a9') in 0.088300 seconds
  Import took 0.092754 seconds .

AssetImportWorkerClient::OnTransportError - code=2 error=End of file
